Start time :08/20/2023, 21:54:05
Func name :hello_world
args :()
kwargs :{}
func result: Hello World


Start time :08/20/2023, 21:54:05
Func name :summator
args :(, 2, ,,  , 2, )
kwargs :{, }
func result: 4


Start time :08/20/2023, 21:54:05
Func name :div
args :(, 6, ,,  , 2, )
kwargs :{, }
func result: 3.0


Start time :08/20/2023, 21:54:05
Func name :summator
args :(4.3,)
kwargs :{'b': 2.2}
func result: 6.5


Start time :08/20/2023, 21:54:05
Func name :summator
args :()
kwargs :{'a': 0, 'b': 0}
func result: 0


